<?xml version="1.0" encoding="UTF-8" ?>
<testsuite errors="0" failures="0" hostname="cbwapp-p1001" name="TestLogin" tests="1" time="5.296" timestamp="2009-05-19T17:13:08">
  <properties>
[...]
</properties>
  <testcase classname="TestLogin" name="testManagerUSIDManagerPW" time="5.109" />
  <system-out><![CDATA[Test Case = Testlogin
Test = testManagerUSIDManagerPW
Summary = log in using 'manager/manager'
urlTested = http://cbvapp-q1015.nci.nih.gov:19080/caintegrator2/
]]></system-out>
  <system-err><![CDATA[]]></system-err>
</testsuite>
